C51 COMPILER V8.12   SINGLE7SEG                                                            07/27/2016 23:10:33 PAGE 1   


C51 COMPILER V8.12, COMPILATION OF MODULE SINGLE7SEG
OBJECT MODULE PLACED IN single7seg.OBJ
COMPILER INVOKED BY: C:\Keil\C51\BIN\C51.EXE single7seg.c BROWSE DEBUG OBJECTEXTEND

line level    source

   1          #include <reg51.h>
   2          
   3          sbit eseg1000 = P3^7;
   4          sbit eseg100 = P3^6;
   5          sbit eseg10 = P3^5;
   6          sbit eseg1 = P3^4;
   7          unsigned char d0;
   8          
   9          unsigned char SetDisplay(unsigned char value)
  10          {
  11   1              unsigned char segment[] = {0xc0,0xf9,0xa4,0xb0,0x99,0x92,0x83,0xf8,0x80,0x98};
  12   1              if (value<10)
  13   1                      return segment[value];
  14   1              else
  15   1                      return 0;
  16   1      }
  17          
  18          void delay()
  19          {
  20   1              int i;
  21   1              for (i=0;i<50;i++)
  22   1              {
  23   2              TMOD = 0x01;
  24   2              TH0 = 0x04B;
  25   2              TL0 = 0xFD;
  26   2              TR0 = 1;
  27   2              while(TF0==0)
  28   2              {
  29   3              }
  30   2              TR0 = 0;
  31   2              TF0 = 0;
  32   2              }
  33   1      }
  34          void main()
  35          {
  36   1              d0=0;
  37   1              eseg1000 = 1;
  38   1              eseg1=eseg10=eseg100=0;
  39   1              P2 = 0xff;
  40   1              while(1)
  41   1              {
  42   2                      P2 = SetDisplay(d0);
  43   2                      delay();
  44   2                      d0++;
  45   2                      if (d0>9)
  46   2                      {
  47   3                              d0=0;
  48   3                      }
  49   2              }       
  50   1      }


MODULE INFORMATION:   STATIC OVERLAYABLE
   CODE SIZE        =    110    ----
   CONSTANT SIZE    =     10    ----
C51 COMPILER V8.12   SINGLE7SEG                                                            07/27/2016 23:10:33 PAGE 2   

   XDATA SIZE       =   ----    ----
   PDATA SIZE       =   ----    ----
   DATA SIZE        =      1      11
   IDATA SIZE       =   ----    ----
   BIT SIZE         =   ----    ----
END OF MODULE INFORMATION.


C51 COMPILATION COMPLETE.  0 WARNING(S),  0 ERROR(S)
