C51 COMPILER V8.12   KEYBOARD                                                              07/26/2016 18:04:03 PAGE 1   


C51 COMPILER V8.12, COMPILATION OF MODULE KEYBOARD
OBJECT MODULE PLACED IN keyboard.OBJ
COMPILER INVOKED BY: C:\Keil\C51\BIN\C51.EXE keyboard.c BROWSE DEBUG OBJECTEXTEND

line level    source

   1          #include<reg52.h> //including sfr registers for ports of the controller
   2          #include<lcd.h>
   3          
   4          //LCD Module Connections
   5          sbit RS = P2^0;
   6          sbit EN = P2^1;
   7          sbit D0 = P1^0;
   8          sbit D1 = P1^1;
   9          sbit D2 = P1^2;
  10          sbit D3 = P1^3;
  11          sbit D4 = P1^4;
  12          sbit D5 = P1^5;
  13          sbit D6 = P1^6;
  14          sbit D7 = P1^7;
  15          //End LCD Module Connections
  16          
  17          //Keypad Connections
  18          sbit R1 = P0^0;
  19          sbit R2 = P0^1;
  20          sbit R3 = P0^2;
  21          sbit R4 = P0^3;
  22          sbit C1 = P0^4;
  23          sbit C2 = P0^5;
  24          sbit C3 = P0^6;
  25          sbit C4 = P0^7;
  26          //End Keypad Connections
  27          
  28          void Delay(int a)
  29          {
  30   1        int j;
  31   1        int i;
  32   1        for(i=0;i<a;i++)
  33   1        {
  34   2          for(j=0;j<100;j++)
  35   2          {
  36   3          }
  37   2        }
  38   1      }
  39          
  40          char Read_Keypad()
  41          {
  42   1        C1=1;
  43   1        C2=1;
  44   1        C3=1;
  45   1        C4=1;
  46   1        R1=0;
  47   1        R2=1;
  48   1        R3=1;
  49   1        R4=1;
  50   1        if(C1==0){Delay(100);while(C1==0);return '7';}
  51   1        if(C2==0){Delay(100);while(C2==0);return '8';}
  52   1        if(C3==0){Delay(100);while(C3==0);return '9';}
  53   1        if(C4==0){Delay(100);while(C4==0);return '/';}
  54   1        R1=1;
  55   1        R2=0;
C51 COMPILER V8.12   KEYBOARD                                                              07/26/2016 18:04:03 PAGE 2   

  56   1        R3=1;
  57   1        R4=1;
  58   1        if(C1==0){Delay(100);while(C1==0);return '4';}
  59   1        if(C2==0){Delay(100);while(C2==0);return '5';}
  60   1        if(C3==0){Delay(100);while(C3==0);return '6';}
  61   1        if(C4==0){Delay(100);while(C4==0);return 'X';}
  62   1        R1=1;
  63   1        R2=1;
  64   1        R3=0;
  65   1        R4=1;
  66   1        if(C1==0){Delay(100);while(C1==0);return '1';}
  67   1        if(C2==0){Delay(100);while(C2==0);return '2';}
  68   1        if(C3==0){Delay(100);while(C3==0);return '3';}
  69   1        if(C4==0){Delay(100);while(C4==0);return '-';}
  70   1        R1=1;
  71   1        R2=1;
  72   1        R3=1;
  73   1        R4=0;
  74   1        if(C1==0){Delay(100);while(C1==0);return 'C';}
  75   1        if(C2==0){Delay(100);while(C2==0);return '0';}
  76   1        if(C3==0){Delay(100);while(C3==0);return '=';}
  77   1        if(C4==0){Delay(100);while(C4==0);return '+';}
  78   1        return 0;
  79   1      }
  80          
  81          void main()
  82          {
  83   1        int i=0;
  84   1        char c,p;
  85   1        Lcd8_Init();
  86   1        while(1)
  87   1        {
  88   2          Lcd8_Set_Cursor(1,1);
  89   2          Lcd8_Write_String("Keys Pressed:");
  90   2          Lcd8_Set_Cursor(2,1);
  91   2          Lcd8_Write_String("Times:");
  92   2          while(!(c = Read_Keypad()));
  93   2          p=c;
  94   2          while(p==c)
  95   2          {
  96   3            i++;
  97   3            Lcd8_Set_Cursor(1,14);
  98   3            Lcd8_Write_Char(c);
  99   3            Lcd8_Set_Cursor(2,7);
 100   3            Lcd8_Write_Char(i+48);
 101   3            Delay(100);
 102   3            while(!(c = Read_Keypad()));
 103   3          }
 104   2          i=0;
 105   2          Lcd8_Clear();
 106   2        }
 107   1      }


MODULE INFORMATION:   STATIC OVERLAYABLE
   CODE SIZE        =    958    ----
   CONSTANT SIZE    =     21    ----
   XDATA SIZE       =   ----    ----
   PDATA SIZE       =   ----    ----
   DATA SIZE        =   ----      19
   IDATA SIZE       =   ----    ----
   BIT SIZE         =   ----    ----
C51 COMPILER V8.12   KEYBOARD                                                              07/26/2016 18:04:03 PAGE 3   

END OF MODULE INFORMATION.


C51 COMPILATION COMPLETE.  0 WARNING(S),  0 ERROR(S)
